{
  "RSpec": {
    "coverage": {
      "/Users/maxstrivens/Documents/Programming/Projects/Ruby/makers_learning/week_10/bank_tech/spec/account_spec.rb": {
        "lines": [
          1,
          null,
          1,
          null,
          1,
          1,
          1,
          null,
          null,
          null,
          1,
          1,
          1,
          1,
          1,
          null,
          null,
          1,
          1,
          1,
          null,
          null,
          1,
          1,
          1,
          1,
          null,
          null,
          1,
          1,
          1,
          null,
          null,
          null,
          null,
          null,
          1,
          1,
          3,
          null,
          null,
          1,
          1,
          1,
          1,
          null,
          null,
          1,
          1,
          1,
          null,
          null,
          1,
          1,
          1,
          null,
          null,
          null,
          null,
          null
        ]
      },
      "/Users/maxstrivens/Documents/Programming/Projects/Ruby/makers_learning/week_10/bank_tech/lib/account.rb": {
        "lines": [
          1,
          1,
          null,
          1,
          8,
          null,
          null,
          1,
          8,
          8,
          null,
          null,
          1,
          3,
          3,
          null,
          null,
          1,
          null,
          1,
          3,
          null,
          null,
          1,
          8,
          null,
          null,
          1,
          8,
          null,
          null,
          null
        ]
      },
      "/Users/maxstrivens/Documents/Programming/Projects/Ruby/makers_learning/week_10/bank_tech/spec/transaction_spec.rb": {
        "lines": [
          1,
          null,
          1,
          null,
          1,
          1,
          1,
          1,
          null,
          null,
          null,
          1,
          1,
          1,
          1,
          null,
          null,
          null
        ]
      },
      "/Users/maxstrivens/Documents/Programming/Projects/Ruby/makers_learning/week_10/bank_tech/lib/transaction.rb": {
        "lines": [
          1,
          1,
          null,
          1,
          13,
          13,
          null,
          null,
          null
        ]
      }
    },
    "timestamp": 1620220436
  }
}
